[debug] [2020-02-13T12:35:15.783Z] ----------------------------------------------------------------------
[debug] [2020-02-13T12:35:15.785Z] Command:       C:\Program Files\nodejs\node.exe C:\Users\Mohaideen I\AppData\Roaming\npm\node_modules\firebase-tools\lib\bin\firebase.js init
[debug] [2020-02-13T12:35:15.785Z] CLI Version:   7.13.0
[debug] [2020-02-13T12:35:15.785Z] Platform:      win32
[debug] [2020-02-13T12:35:15.785Z] Node Version:  v10.15.3
[debug] [2020-02-13T12:35:15.786Z] Time:          Thu Feb 13 2020 18:05:15 GMT+0530 (India Standard Time)
[debug] [2020-02-13T12:35:15.786Z] ----------------------------------------------------------------------
[debug] [2020-02-13T12:35:15.786Z] 
[debug] [2020-02-13T12:35:15.793Z] > command requires scopes: ["email","openid","https://www.googleapis.com/auth/cloudplatformprojects.readonly","https://www.googleapis.com/auth/firebase","https://www.googleapis.com/auth/cloud-platform"]
[debug] [2020-02-13T12:35:15.793Z] > authorizing via signed-in user
[info] 
     ######## #### ########  ######## ########     ###     ######  ########
     ##        ##  ##     ## ##       ##     ##  ##   ##  ##       ##
     ######    ##  ########  ######   ########  #########  ######  ######
     ##        ##  ##    ##  ##       ##     ## ##     ##       ## ##
     ##       #### ##     ## ######## ########  ##     ##  ######  ########

You're about to initialize a Firebase project in this directory:

  C:\Mohaideen\projects\operative-assignment\sse

Before we get started, keep in mind:

  * You are currently outside your home directory

[info] 
=== Project Setup
[info] 
[info] First, let's associate this project directory with a Firebase project.
[info] You can create multiple project aliases by running firebase use --add, 
[info] but for now we'll just set up a default project.
[info] 
[info] i  If you want to create a project in a Google Cloud organization or folder, please use "firebase projects:create" instead, and return to this command when you've created the project.
[debug] [2020-02-13T12:35:23.795Z] >>> HTTP REQUEST POST https://cloudresourcemanager.googleapis.com/v1/projects  

[debug] [2020-02-13T12:35:25.425Z] <<< HTTP RESPONSE 400
[debug] [2020-02-13T12:35:25.425Z] <<< HTTP RESPONSE BODY
[debug] [2020-02-13T12:35:25.427Z] HTTP Error: 400, Request contains an invalid argument.
[debug] [2020-02-13T12:35:25.735Z] FirebaseError: HTTP Error: 400, Request contains an invalid argument.
    at module.exports (C:\Users\Mohaideen I\AppData\Roaming\npm\node_modules\firebase-tools\lib\responseToError.js:38:12)
    at Request._callback (C:\Users\Mohaideen I\AppData\Roaming\npm\node_modules\firebase-tools\lib\api.js:39:35)
    at Request.self.callback (C:\Users\Mohaideen I\AppData\Roaming\npm\node_modules\firebase-tools\node_modules\request\request.js:185:22)
    at Request.emit (events.js:189:13)
    at Request.EventEmitter.emit (domain.js:441:20)
    at Request.<anonymous> (C:\Users\Mohaideen I\AppData\Roaming\npm\node_modules\firebase-tools\node_modules\request\request.js:1154:10)
    at Request.emit (events.js:189:13)
    at Request.EventEmitter.emit (domain.js:441:20)
    at IncomingMessage.<anonymous> (C:\Users\Mohaideen I\AppData\Roaming\npm\node_modules\firebase-tools\node_modules\request\request.js:1076:12)
    at Object.onceWrapper (events.js:277:13)
    at IncomingMessage.emit (events.js:194:15)
    at IncomingMessage.EventEmitter.emit (domain.js:441:20)
    at endReadableNT (_stream_readable.js:1125:12)
    at process._tickCallback (internal/process/next_tick.js:63:19)
[error] 
[error] Error: Failed to create Google Cloud project. See firebase-debug.log for more info.
